# JRE version: Java(TM) SE Runtime Environment (17.0.2+8) (build 17.0.2+8-LTS-86)
# Java VM: Java HotSpot(TM) 64-Bit Server VM (17.0.2+8-LTS-86, mixed mode, sharing, tiered, compressed oops, compressed class ptrs, g1 gc, windows-amd64)
GC Precious Log:
 CPUs: 4 total, 4 available
 Memory: 3944M
 Large Page Support: Disabled
 NUMA Support: Disabled
 Compressed Oops: Enabled (32-bit)
 Heap Region Size: 1M
 Heap Min Capacity: 8M
 Heap Initial Capacity: 62M
 Heap Max Capacity: 2G
 Pre-touch: Disabled
 Parallel Workers: 4
 Concurrent Workers: 1
 Concurrent Refinement Workers: 4
 Periodic GC: Disabled
Heap:
 garbage-first heap   total 63488K, used 39978K [0x0000000080000000, 0x0000000100000000)
  region size 1024K, 20 young (20480K), 2 survivors (2048K)
 Metaspace       used 23248K, committed 23616K, reserved 446464K
  class space    used 3460K, committed 3648K, reserved 421888K
GC Heap History (16 events):
Event: 1.151 GC heap before
{Heap before GC invocations=0 (full 0):
 garbage-first heap   total 63488K, used 13312K [0x0000000080000000, 0x0000000100000000)
  region size 1024K, 13 young (13312K), 0 survivors (0K)
 Metaspace       used 1033K, committed 1152K, reserved 430080K
  class space    used 83K, committed 128K, reserved 421888K
}
Event: 1.176 GC heap after
{Heap after GC invocations=1 (full 0):
 garbage-first heap   total 63488K, used 3280K [0x0000000080000000, 0x0000000100000000)
  region size 1024K, 2 young (2048K), 2 survivors (2048K)
 Metaspace       used 1033K, committed 1152K, reserved 430080K
  class space    used 83K, committed 128K, reserved 421888K
}
Event: 2.894 GC heap before
{Heap before GC invocations=1 (full 0):
 garbage-first heap   total 63488K, used 21712K [0x0000000080000000, 0x0000000100000000)
  region size 1024K, 17 young (17408K), 2 survivors (2048K)
 Metaspace       used 3860K, committed 4032K, reserved 430080K
  class space    used 487K, committed 576K, reserved 421888K
}
Event: 2.908 GC heap after
{Heap after GC invocations=2 (full 0):
 garbage-first heap   total 63488K, used 10786K [0x0000000080000000, 0x0000000100000000)
  region size 1024K, 3 young (3072K), 3 survivors (3072K)
 Metaspace       used 3860K, committed 4032K, reserved 430080K
  class space    used 487K, committed 576K, reserved 421888K
}
Event: 3.439 GC heap before
{Heap before GC invocations=2 (full 0):
 garbage-first heap   total 63488K, used 30242K [0x0000000080000000, 0x0000000100000000)
  region size 1024K, 22 young (22528K), 3 survivors (3072K)
 Metaspace       used 3996K, committed 4160K, reserved 430080K
  class space    used 490K, committed 576K, reserved 421888K
}
Event: 3.443 GC heap after
{Heap after GC invocations=3 (full 0):
 garbage-first heap   total 63488K, used 11244K [0x0000000080000000, 0x0000000100000000)
  region size 1024K, 1 young (1024K), 1 survivors (1024K)
 Metaspace       used 3996K, committed 4160K, reserved 430080K
  class space    used 490K, committed 576K, reserved 421888K
}
Event: 8.904 GC heap before
{Heap before GC invocations=3 (full 0):
 garbage-first heap   total 63488K, used 42988K [0x0000000080000000, 0x0000000100000000)
  region size 1024K, 32 young (32768K), 1 survivors (1024K)
 Metaspace       used 9012K, committed 9280K, reserved 438272K
  class space    used 1194K, committed 1344K, reserved 421888K
}
Event: 8.930 GC heap after
{Heap after GC invocations=4 (full 0):
 garbage-first heap   total 63488K, used 17797K [0x0000000080000000, 0x0000000100000000)
  region size 1024K, 4 young (4096K), 4 survivors (4096K)
 Metaspace       used 9012K, committed 9280K, reserved 438272K
  class space    used 1194K, committed 1344K, reserved 421888K
}
Event: 10.851 GC heap before
{Heap before GC invocations=4 (full 0):
 garbage-first heap   total 63488K, used 40325K [0x0000000080000000, 0x0000000100000000)
  region size 1024K, 27 young (27648K), 4 survivors (4096K)
 Metaspace       used 13069K, committed 13312K, reserved 438272K
  class space    used 1830K, committed 1984K, reserved 421888K
}
Event: 10.860 GC heap after
{Heap after GC invocations=5 (full 0):
 garbage-first heap   total 63488K, used 19466K [0x0000000080000000, 0x0000000100000000)
  region size 1024K, 2 young (2048K), 2 survivors (2048K)
 Metaspace       used 13069K, committed 13312K, reserved 438272K
  class space    used 1830K, committed 1984K, reserved 421888K
}
Event: 13.443 GC heap before
{Heap before GC invocations=5 (full 0):
 garbage-first heap   total 63488K, used 44042K [0x0000000080000000, 0x0000000100000000)
  region size 1024K, 26 young (26624K), 2 survivors (2048K)
 Metaspace       used 16615K, committed 16896K, reserved 438272K
  class space    used 2415K, committed 2560K, reserved 421888K
}
Event: 13.446 GC heap after
{Heap after GC invocations=6 (full 0):
 garbage-first heap   total 63488K, used 20776K [0x0000000080000000, 0x0000000100000000)
  region size 1024K, 3 young (3072K), 3 survivors (3072K)
 Metaspace       used 16615K, committed 16896K, reserved 438272K
  class space    used 2415K, committed 2560K, reserved 421888K
}
Event: 14.375 GC heap before
{Heap before GC invocations=6 (full 0):
 garbage-first heap   total 63488K, used 45352K [0x0000000080000000, 0x0000000100000000)
  region size 1024K, 27 young (27648K), 3 survivors (3072K)
 Metaspace       used 20054K, committed 20416K, reserved 446464K
  class space    used 2964K, committed 3136K, reserved 421888K
}
Event: 14.382 GC heap after
{Heap after GC invocations=7 (full 0):
 garbage-first heap   total 63488K, used 22224K [0x0000000080000000, 0x0000000100000000)
  region size 1024K, 3 young (3072K), 3 survivors (3072K)
 Metaspace       used 20054K, committed 20416K, reserved 446464K
  class space    used 2964K, committed 3136K, reserved 421888K
}
Event: 14.705 GC heap before
{Heap before GC invocations=7 (full 0):
 garbage-first heap   total 63488K, used 30416K [0x0000000080000000, 0x0000000100000000)
  region size 1024K, 12 young (12288K), 3 survivors (3072K)
 Metaspace       used 21159K, committed 21504K, reserved 446464K
  class space    used 3127K, committed 3328K, reserved 421888K
}
Event: 14.712 GC heap after
{Heap after GC invocations=8 (full 0):
 garbage-first heap   total 63488K, used 22570K [0x0000000080000000, 0x0000000100000000)
  region size 1024K, 2 young (2048K), 2 survivors (2048K)
 Metaspace       used 21159K, committed 21504K, reserved 446464K
  class space    used 3127K, committed 3328K, reserved 421888K
}

