# JRE version: Java(TM) SE Runtime Environment (17.0.2+8) (build 17.0.2+8-LTS-86)
# Java VM: Java HotSpot(TM) 64-Bit Server VM (17.0.2+8-LTS-86, mixed mode, sharing, tiered, compressed oops, compressed class ptrs, g1 gc, windows-amd64)
GC Precious Log:
 CPUs: 4 total, 4 available
 Memory: 3944M
 Large Page Support: Disabled
 NUMA Support: Disabled
 Compressed Oops: Enabled (32-bit)
 Heap Region Size: 1M
 Heap Min Capacity: 8M
 Heap Initial Capacity: 62M
 Heap Max Capacity: 2G
 Pre-touch: Disabled
 Parallel Workers: 4
 Concurrent Workers: 1
 Concurrent Refinement Workers: 4
 Periodic GC: Disabled
Heap:
 garbage-first heap   total 452608K, used 161874K [0x0000000080000000, 0x0000000100000000)
  region size 1024K, 9 young (9216K), 1 survivors (1024K)
 Metaspace       used 151770K, committed 152960K, reserved 561152K
  class space    used 19350K, committed 19904K, reserved 421888K
GC Heap History (20 events):
Event: 236.544 GC heap before
{Heap before GC invocations=56 (full 0):
 garbage-first heap   total 452608K, used 146601K [0x0000000080000000, 0x0000000100000000)
  region size 1024K, 22 young (22528K), 8 survivors (8192K)
 Metaspace       used 141560K, committed 142528K, reserved 552960K
  class space    used 18154K, committed 18624K, reserved 421888K
}
Event: 236.643 GC heap after
{Heap after GC invocations=57 (full 0):
 garbage-first heap   total 452608K, used 134710K [0x0000000080000000, 0x0000000100000000)
  region size 1024K, 2 young (2048K), 2 survivors (2048K)
 Metaspace       used 141560K, committed 142528K, reserved 552960K
  class space    used 18154K, committed 18624K, reserved 421888K
}
Event: 401.069 GC heap before
{Heap before GC invocations=57 (full 0):
 garbage-first heap   total 452608K, used 184886K [0x0000000080000000, 0x0000000100000000)
  region size 1024K, 51 young (52224K), 2 survivors (2048K)
 Metaspace       used 146293K, committed 147392K, reserved 552960K
  class space    used 18762K, committed 19264K, reserved 421888K
}
Event: 401.507 GC heap after
{Heap after GC invocations=58 (full 0):
 garbage-first heap   total 452608K, used 137754K [0x0000000080000000, 0x0000000100000000)
  region size 1024K, 5 young (5120K), 5 survivors (5120K)
 Metaspace       used 146293K, committed 147392K, reserved 552960K
  class space    used 18762K, committed 19264K, reserved 421888K
}
Event: 456.519 GC heap before
{Heap before GC invocations=58 (full 0):
 garbage-first heap   total 452608K, used 155162K [0x0000000080000000, 0x0000000100000000)
  region size 1024K, 22 young (22528K), 5 survivors (5120K)
 Metaspace       used 146755K, committed 147840K, reserved 552960K
  class space    used 18831K, committed 19328K, reserved 421888K
}
Event: 456.813 GC heap after
{Heap after GC invocations=59 (full 0):
 garbage-first heap   total 452608K, used 138317K [0x0000000080000000, 0x0000000100000000)
  region size 1024K, 1 young (1024K), 1 survivors (1024K)
 Metaspace       used 146755K, committed 147840K, reserved 552960K
  class space    used 18831K, committed 19328K, reserved 421888K
}
Event: 571.209 GC heap before
{Heap before GC invocations=59 (full 0):
 garbage-first heap   total 452608K, used 185421K [0x0000000080000000, 0x0000000100000000)
  region size 1024K, 47 young (48128K), 1 survivors (1024K)
 Metaspace       used 147623K, committed 148736K, reserved 552960K
  class space    used 18929K, committed 19456K, reserved 421888K
}
Event: 572.132 GC heap after
{Heap after GC invocations=60 (full 0):
 garbage-first heap   total 452608K, used 140474K [0x0000000080000000, 0x0000000100000000)
  region size 1024K, 3 young (3072K), 3 survivors (3072K)
 Metaspace       used 147623K, committed 148736K, reserved 552960K
  class space    used 18929K, committed 19456K, reserved 421888K
}
Event: 592.201 GC heap before
{Heap before GC invocations=60 (full 0):
 garbage-first heap   total 452608K, used 159930K [0x0000000080000000, 0x0000000100000000)
  region size 1024K, 22 young (22528K), 3 survivors (3072K)
 Metaspace       used 147844K, committed 148928K, reserved 552960K
  class space    used 18934K, committed 19456K, reserved 421888K
}
Event: 592.714 GC heap after
{Heap after GC invocations=61 (full 0):
 garbage-first heap   total 452608K, used 141567K [0x0000000080000000, 0x0000000100000000)
  region size 1024K, 2 young (2048K), 2 survivors (2048K)
 Metaspace       used 147844K, committed 148928K, reserved 552960K
  class space    used 18934K, committed 19456K, reserved 421888K
}
Event: 621.068 GC heap before
{Heap before GC invocations=61 (full 0):
 garbage-first heap   total 452608K, used 161023K [0x0000000080000000, 0x0000000100000000)
  region size 1024K, 22 young (22528K), 2 survivors (2048K)
 Metaspace       used 148152K, committed 149248K, reserved 552960K
  class space    used 18957K, committed 19456K, reserved 421888K
}
Event: 621.547 GC heap after
{Heap after GC invocations=62 (full 0):
 garbage-first heap   total 452608K, used 143853K [0x0000000080000000, 0x0000000100000000)
  region size 1024K, 3 young (3072K), 3 survivors (3072K)
 Metaspace       used 148152K, committed 149248K, reserved 552960K
  class space    used 18957K, committed 19456K, reserved 421888K
}
Event: 628.526 GC heap before
{Heap before GC invocations=62 (full 0):
 garbage-first heap   total 452608K, used 162285K [0x0000000080000000, 0x0000000100000000)
  region size 1024K, 22 young (22528K), 3 survivors (3072K)
 Metaspace       used 148533K, committed 149632K, reserved 552960K
  class space    used 18987K, committed 19520K, reserved 421888K
}
Event: 628.776 GC heap after
{Heap after GC invocations=63 (full 0):
 garbage-first heap   total 452608K, used 145981K [0x0000000080000000, 0x0000000100000000)
  region size 1024K, 3 young (3072K), 3 survivors (3072K)
 Metaspace       used 148533K, committed 149632K, reserved 552960K
  class space    used 18987K, committed 19520K, reserved 421888K
}
Event: 655.533 GC heap before
{Heap before GC invocations=63 (full 0):
 garbage-first heap   total 452608K, used 167485K [0x0000000080000000, 0x0000000100000000)
  region size 1024K, 22 young (22528K), 3 survivors (3072K)
 Metaspace       used 148824K, committed 150016K, reserved 552960K
  class space    used 19028K, committed 19584K, reserved 421888K
}
Event: 655.769 GC heap after
{Heap after GC invocations=64 (full 0):
 garbage-first heap   total 452608K, used 150731K [0x0000000080000000, 0x0000000100000000)
  region size 1024K, 2 young (2048K), 2 survivors (2048K)
 Metaspace       used 148824K, committed 150016K, reserved 552960K
  class space    used 19028K, committed 19584K, reserved 421888K
}
Event: 665.745 GC heap before
{Heap before GC invocations=64 (full 0):
 garbage-first heap   total 452608K, used 171211K [0x0000000080000000, 0x0000000100000000)
  region size 1024K, 22 young (22528K), 2 survivors (2048K)
 Metaspace       used 150128K, committed 151296K, reserved 561152K
  class space    used 19191K, committed 19712K, reserved 421888K
}
Event: 665.764 GC heap after
{Heap after GC invocations=65 (full 0):
 garbage-first heap   total 452608K, used 155094K [0x0000000080000000, 0x0000000100000000)
  region size 1024K, 3 young (3072K), 3 survivors (3072K)
 Metaspace       used 150128K, committed 151296K, reserved 561152K
  class space    used 19191K, committed 19712K, reserved 421888K
}
Event: 666.925 GC heap before
{Heap before GC invocations=65 (full 0):
 garbage-first heap   total 452608K, used 162262K [0x0000000080000000, 0x0000000100000000)
  region size 1024K, 12 young (12288K), 3 survivors (3072K)
 Metaspace       used 150858K, committed 151936K, reserved 561152K
  class space    used 19281K, committed 19776K, reserved 421888K
}
Event: 666.967 GC heap after
{Heap after GC invocations=66 (full 0):
 garbage-first heap   total 452608K, used 155730K [0x0000000080000000, 0x0000000100000000)
  region size 1024K, 1 young (1024K), 1 survivors (1024K)
 Metaspace       used 150858K, committed 151936K, reserved 561152K
  class space    used 19281K, committed 19776K, reserved 421888K
}

